[H[2JGetting Resources .. found 439
Writing Resources ..
[2;24H0[2;24H1[2;24H2[2;24H3[2;24H4[2;24H5[2;24H6[2;24H7[2;24H8[2;24H9[2;24H10[2;24H11[2;24H12[2;24H13[2;24H14[2;24H15[2;24H16[2;24H17[2;24H18[2;24H19[2;24H20[2;24H21[2;24H22[2;24H23[2;24H24[2;24H25[2;24H26[2;24H27[2;24H28[2;24H29[2;24H30[2;24H31[2;24H32[2;24H33[2;24H34[2;24H35[2;24H36[2;24H37[2;24H38[2;24H39[2;24H40[2;24H41[2;24H42[2;24H43[2;24H44[2;24H45[2;24H46[2;24H47[2;24H48[2;24H49[2;24H50[2;24H51[2;24H52[2;24H53[2;24H54[2;24H55[2;24H56[2;24H57[2;24H58[2;24H59[2;24H60[2;24H61[2;24H62[2;24H63[2;24H64[2;24H65[2;24H66[2;24H67[2;24H68[2;24H69[2;24H70[2;24H71[2;24H72[2;24H73[2;24H74[2;24H75[2;24H76[2;24H77[2;24H78[2;24H79[2;24H80[2;24H81[2;24H82[2;24H83[2;24H84[2;24H85[2;24H86[2;24H87[2;24H88[2;24H89[2;24H90[2;24H91[2;24H92[2;24H93[2;24H94[2;24H95[2;24H96[2;24H97[2;24H98[2;24H99[2;24H100[2;24H101[2;24H102[2;24H103[2;24H104[2;24H105[2;24H106[2;24H107[2;24H108[2;24H109[2;24H110[2;24H111[2;24H112[2;24H113[2;24H114[2;24H115[2;24H116[2;24H117[2;24H118[2;24H119[2;24H120[2;24H121[2;24H122[2;24H123[2;24H124[2;24H125[2;24H126[2;24H127[2;24H128[2;24H129[2;24H130[2;24H131[2;24H132[2;24H133[2;24H134[2;24H135[2;24H136[2;24H137[2;24H138[2;24H139[2;24H140[2;24H141[2;24H142[2;24H143[2;24H144[2;24H145[2;24H146[2;24H147[2;24H148[2;24H149[2;24H150[2;24H151[2;24H152[2;24H153[2;24H154[2;24H155[2;24H156[2;24H157[2;24H158[2;24H159[2;24H160[2;24H161[2;24H162[2;24H163[2;24H164[2;24H165[2;24H166[2;24H167[2;24H168[2;24H169[2;24H170[2;24H171[2;24H172[2;24H173[2;24H174[2;24H175[2;24H176[2;24H177[2;24H178[2;24H179[2;24H180[2;24H181[2;24H182[2;24H183[2;24H184[2;24H185[2;24H186[2;24H187[2;24H188[2;24H189[2;24H190[2;24H191[2;24H192[2;24H193[2;24H194[2;24H195[2;24H196[2;24H197[2;24H198[2;24H199[2;24H200[2;24H201[2;24H202[2;24H203[2;24H204[2;24H205[2;24H206[2;24H207[2;24H208[2;24H209[2;24H210[2;24H211[2;24H212[2;24H213[2;24H214[2;24H215[2;24H216[2;24H217[2;24H218[2;24H219[2;24H220[2;24H221[2;24H222[2;24H223[2;24H224[2;24H225[2;24H226[2;24H227[2;24H228[2;24H229[2;24H230[2;24H231[2;24H232[2;24H233[2;24H234[2;24H235[2;24H236[2;24H237[2;24H238[2;24H239[2;24H240[2;24H241[2;24H242[2;24H243[2;24H244[2;24H245[2;24H246[2;24H247[2;24H248[2;24H249[2;24H250[2;24H251[2;24H252[2;24H253[2;24H254[2;24H255[2;24H256[2;24H257[2;24H258[2;24H259[2;24H260[2;24H261[2;24H262[2;24H263[2;24H264[2;24H265[2;24H266[2;24H267[2;24H268[2;24H269[2;24H270[2;24H271[2;24H272[2;24H273[2;24H274[2;24H275[2;24H276[2;24H277[2;24H278[2;24H279[2;24H280[2;24H281[2;24H282[2;24H283[2;24H284[2;24H285[2;24H286[2;24H287[2;24H288[2;24H289[2;24H290[2;24H291[2;24H292[2;24H293[2;24H294[2;24H295[2;24H296[2;24H297[2;24H298[2;24H299[2;24H300[2;24H301[2;24H302[2;24H303[2;24H304[2;24H305[2;24H306[2;24H307[2;24H308[2;24H309[2;24H310[2;24H311[2;24H312[2;24H313[2;24H314[2;24H315[2;24H316[2;24H317[2;24H318[2;24H319[2;24H320[2;24H321[2;24H322[2;24H323[2;24H324[2;24H325[2;24H326[2;24H327[2;24H328[2;24H329[2;24H330[2;24H331[2;24H332[2;24H333[2;24H334[2;24H335[2;24H336[2;24H337[2;24H338[2;24H339[2;24H340[2;24H341[2;24H342[2;24H343[2;24H344[2;24H345[2;24H346[2;24H347[2;24H348[2;24H349[2;24H350[2;24H351[2;24H352[2;24H353[2;24H354[2;24H355[2;24H356[2;24H357[2;24H358[2;24H359[2;24H360[2;24H361[2;24H362[2;24H363[2;24H364[2;24H365[2;24H366[2;24H367[2;24H368[2;24H369[2;24H370[2;24H371[2;24H372[2;24H373[2;24H374[2;24H375[2;24H376[2;24H377[2;24H378[2;24H379[2;24H380[2;24H381[2;24H382[2;24H383[2;24H384[2;24H385[2;24H386[2;24H387[2;24H388[2;24H389[2;24H390[2;24H391[2;24H392[2;24H393[2;24H394[2;24H395[2;24H396[2;24H397[2;24H398[2;24H399[2;24H400[2;24H401[2;24H402[2;24H403[2;24H404[2;24H405[2;24H406[2;24H407[2;24H408[2;24H409[2;24H410[2;24H411[2;24H412[2;24H413[2;24H414[2;24H415[2;24H416[2;24H417[2;24H418[2;24H419[2;24H420[2;24H421[2;24H422[2;24H423[2;24H424[2;24H425[2;24H426[2;24H427[2;24H428[2;24H429[2;24H430[2;24H431[2;24H432[2;24H433[2;24H434[2;24H435[2;24H436[2;24H437[2;24H438 
No provider for
MICROSOFT.WEB/connections
Microsoft.BizTalkServices/BizTalk
Microsoft.Cache/Redis
Microsoft.ClassicCompute/domainNames
Microsoft.ClassicNetwork/virtualNetworks
Microsoft.ClassicStorage/storageAccounts
Microsoft.CognitiveServices/accounts
Microsoft.DataLakeAnalytics/accounts
Microsoft.DataLakeStore/accounts
Microsoft.EventHub/namespaces
Microsoft.Logic/workflows
Microsoft.Portal/dashboards
Microsoft.PowerBI/workspaceCollections
Microsoft.Relay/namespaces
Microsoft.Scheduler/jobcollections
Microsoft.StreamAnalytics/streamingjobs
Microsoft.Web/certificates
Microsoft.Web/connections
microsoft.insights/alertrules
microsoft.insights/autoscalesettings
microsoft.insights/components
microsoft.insights/webtests

[0m[1mInitializing provider plugins...[0m
- Checking for available provider plugins on https://releases.hashicorp.com...
- Downloading plugin for provider "azurerm" (1.20.0)...

[0m[1m[32mTerraform has been successfully initialized![0m[32m[0m
[0m[32m
You may now begin working with Terraform. Try running "terraform plan" to see
any changes that are required for your infrastructure. All Terraform commands
should now work.

If you ever set or change modules or backend configuration for Terraform,
rerun this command to reinitialize your working directory. If you forget, other
commands will detect it and remind you to do so if necessary.[0m

resource "azurerm_resource_group" "dis-prod-rg-incentives" {
	 name = "dis-prod-rg-incentives"
	 location = "eastus"
}
[31mNo state file was found!

State management commands require a state file. Run this command
in a directory where Terraform has been run or use the -state flag
to point the command to a specific state location.[0m[0m
[0m[1mazurerm_resource_group.dis-prod-rg-incentives: Importing from ID "/subscriptions/20a44753-c9d1-44b4-bb60-29e40c30601b/resourceGroups/dis-prod-rg-incentives"...[0m
[0m[1m[32mazurerm_resource_group.dis-prod-rg-incentives: Import complete![0m
[0m[32m  Imported azurerm_resource_group (ID: /subscriptions/20a44753-c9d1-44b4-bb60-29e40c30601b/resourceGroups/dis-prod-rg-incentives)[0m
[0m[1mazurerm_resource_group.dis-prod-rg-incentives: Refreshing state... (ID: /subscriptions/20a44753-c9d1-44b4-bb60-...601b/resourceGroups/dis-prod-rg-incentives)[0m
[0m[32m
Import successful!

The resources that were imported are shown above. These resources are now in
your Terraform state and will henceforth be managed by Terraform.
[0m
# 
resource "azurerm_storage_account" "dis-prod-rg-incentives__dis-prodstrgincentives" {
	 name = "dis-prodstrgincentives"
	 location = "eastus"
	 resource_group_name = "dis-prod-rg-incentives"
	 account_tier = "Standard"
	 account_kind = "StorageV2"
	 account_replication_type = "RAGRS"
	 enable_blob_encryption = "true"
	 enable_file_encryption = "true"
	 enable_https_traffic_only = "true"
	 account_encryption_source = "Microsoft.Storage"
}
1 items removed.
Item removal successful.
[0m[1mazurerm_storage_account.dis-prod-rg-incentives__dis-prodstrgincentives: Importing from ID "/subscriptions/20a44753-c9d1-44b4-bb60-29e40c30601b/resourceGroups/dis-prod-rg-incentives/providers/Microsoft.Storage/storageAccounts/dis-prodstrgincentives"...[0m
[0m[1m[32mazurerm_storage_account.dis-prod-rg-incentives__dis-prodstrgincentives: Import complete![0m
[0m[32m  Imported azurerm_storage_account (ID: /subscriptions/20a44753-c9d1-44b4-bb60-29e40c30601b/resourceGroups/dis-prod-rg-incentives/providers/Microsoft.Storage/storageAccounts/dis-prodstrgincentives)[0m
[0m[1mazurerm_storage_account.dis-prod-rg-incentives__dis-prodstrgincentives: Refreshing state... (ID: /subscriptions/20a44753-c9d1-44b4-bb60-...age/storageAccounts/dis-prodstrgincentives)[0m
[0m[32m
Import successful!

The resources that were imported are shown above. These resources are now in
your Terraform state and will henceforth be managed by Terraform.
[0m
traffic_manager_profile.dis-prod-rg-incentives
dis-prod-tm-incentives
# 
resource "azurerm_traffic_manager_profile" "dis-prod-rg-incentives__dis-prod-tm-incentives" {
	 name = "dis-prod-tm-incentives"
	 resource_group_name = "dis-prod-rg-incentives"
	 traffic_routing_method = "Performance"
	 profile_status = "Enabled"
	 dns_config { 
		 relative_name = "dis-prod-tm-incentives" 
		 ttl  = "300" 
	}
	 monitor_config { 
		 protocol = "HTTPS" 
		 port  = "443" 
		 path  = "/api/heartbeat" 
	}
}
1 items removed.
Item removal successful.
[0m[1mazurerm_traffic_manager_profile.dis-prod-rg-incentives__dis-prod-tm-incentives: Importing from ID "/subscriptions/20a44753-c9d1-44b4-bb60-29e40c30601b/resourceGroups/dis-prod-rg-incentives/providers/Microsoft.Network/trafficManagerProfiles/dis-prod-tm-incentives"...[0m
[0m[1m[32mazurerm_traffic_manager_profile.dis-prod-rg-incentives__dis-prod-tm-incentives: Import complete![0m
[0m[32m  Imported azurerm_traffic_manager_profile (ID: /subscriptions/20a44753-c9d1-44b4-bb60-29e40c30601b/resourceGroups/dis-prod-rg-incentives/providers/Microsoft.Network/trafficManagerProfiles/dis-prod-tm-incentives)[0m
[0m[1mazurerm_traffic_manager_profile.dis-prod-rg-incentives__dis-prod-tm-incentives: Refreshing state... (ID: /subscriptions/20a44753-c9d1-44b4-bb60-...fficManagerProfiles/dis-prod-tm-incentives)[0m
[0m[32m
Import successful!

The resources that were imported are shown above. These resources are now in
your Terraform state and will henceforth be managed by Terraform.
[0m
traffic_manager_endpoint.dis-prod-rg-incentives
incentives-east
# 
resource "azurerm_traffic_manager_endpoint" "dis-prod-rg-incentives__incentives-east" {
	 name = "incentives-east"
	 resource_group_name = "dis-prod-rg-incentives"
	 profile_name = "dis-prod-tm-incentives"
	 type = "azureEndpoints"
	 priority = "1"
	 weight = "1"
	 target = "dis-prod-ws-incentives.azurewebsites.net"
	 endpoint_status = "Enabled"
}
1 items removed.
Item removal successful.
[0m[1mazurerm_traffic_manager_endpoint.dis-prod-rg-incentives__incentives-east: Importing from ID "/subscriptions/20a44753-c9d1-44b4-bb60-29e40c30601b/resourceGroups/dis-prod-rg-incentives/providers/Microsoft.Network/trafficManagerProfiles/dis-prod-tm-incentives/azureEndpoints/incentives-east"...[0m
[0m[1m[32mazurerm_traffic_manager_endpoint.dis-prod-rg-incentives__incentives-east: Import complete![0m
[0m[32m  Imported azurerm_traffic_manager_endpoint (ID: /subscriptions/20a44753-c9d1-44b4-bb60-29e40c30601b/resourceGroups/dis-prod-rg-incentives/providers/Microsoft.Network/trafficManagerProfiles/dis-prod-tm-incentives/azureEndpoints/incentives-east)[0m
[0m[1mazurerm_traffic_manager_endpoint.dis-prod-rg-incentives__incentives-east: Refreshing state... (ID: /subscriptions/20a44753-c9d1-44b4-bb60-...entives/azureEndpoints/incentives-east)[0m
[0m[32m
Import successful!

The resources that were imported are shown above. These resources are now in
your Terraform state and will henceforth be managed by Terraform.
[0m
traffic_manager_endpoint.dis-prod-rg-incentives
incentives-west
# 
resource "azurerm_traffic_manager_endpoint" "dis-prod-rg-incentives__incentives-west" {
	 name = "incentives-west"
	 resource_group_name = "dis-prod-rg-incentives"
	 profile_name = "dis-prod-tm-incentives"
	 type = "azureEndpoints"
	 priority = "2"
	 weight = "1"
	 target = "dis-prod-ws-incentives-west.azurewebsites.net"
	 endpoint_status = "Disabled"
}
1 items removed.
Item removal successful.
[0m[1mazurerm_traffic_manager_endpoint.dis-prod-rg-incentives__incentives-west: Importing from ID "/subscriptions/20a44753-c9d1-44b4-bb60-29e40c30601b/resourceGroups/dis-prod-rg-incentives/providers/Microsoft.Network/trafficManagerProfiles/dis-prod-tm-incentives/azureEndpoints/incentives-west"...[0m
[0m[1m[32mazurerm_traffic_manager_endpoint.dis-prod-rg-incentives__incentives-west: Import complete![0m
[0m[32m  Imported azurerm_traffic_manager_endpoint (ID: /subscriptions/20a44753-c9d1-44b4-bb60-29e40c30601b/resourceGroups/dis-prod-rg-incentives/providers/Microsoft.Network/trafficManagerProfiles/dis-prod-tm-incentives/azureEndpoints/incentives-west)[0m
[0m[1mazurerm_traffic_manager_endpoint.dis-prod-rg-incentives__incentives-west: Refreshing state... (ID: /subscriptions/20a44753-c9d1-44b4-bb60-...entives/azureEndpoints/incentives-west)[0m
[0m[32m
Import successful!

The resources that were imported are shown above. These resources are now in
your Terraform state and will henceforth be managed by Terraform.
[0m
# 
resource "azurerm_sql_server" "dis-prod-rg-incentives__dis-prod-db-incentives" {
	 name = "dis-prod-db-incentives"
	 location = "eastus"
	 resource_group_name = "dis-prod-rg-incentives"
	 version = "12.0"
	 administrator_login= "TcfIncentivesPRD_SA"
	 administrator_login_password= "null"
}
1 items removed.
Item removal successful.
[0m[1mazurerm_sql_server.dis-prod-rg-incentives__dis-prod-db-incentives: Importing from ID "/subscriptions/20a44753-c9d1-44b4-bb60-29e40c30601b/resourceGroups/dis-prod-rg-incentives/providers/Microsoft.Sql/servers/dis-prod-db-incentives"...[0m
[0m[1m[32mazurerm_sql_server.dis-prod-rg-incentives__dis-prod-db-incentives: Import complete![0m
[0m[32m  Imported azurerm_sql_server (ID: /subscriptions/20a44753-c9d1-44b4-bb60-29e40c30601b/resourceGroups/dis-prod-rg-incentives/providers/Microsoft.Sql/servers/dis-prod-db-incentives)[0m
[0m[1mazurerm_sql_server.dis-prod-rg-incentives__dis-prod-db-incentives: Refreshing state... (ID: /subscriptions/20a44753-c9d1-44b4-bb60-...crosoft.Sql/servers/dis-prod-db-incentives)[0m
[0m[32m
Import successful!

The resources that were imported are shown above. These resources are now in
your Terraform state and will henceforth be managed by Terraform.
[0m
# 
resource "azurerm_sql_server" "dis-prod-rg-incentives__dis-prod-db-incentives-west" {
	 name = "dis-prod-db-incentives-west"
	 location = "westus"
	 resource_group_name = "dis-prod-rg-incentives"
	 version = "12.0"
	 administrator_login= "TcfIncentivesPRD_SA-west"
	 administrator_login_password= "null"
}
1 items removed.
Item removal successful.
[0m[1mazurerm_sql_server.dis-prod-rg-incentives__dis-prod-db-incentives-west: Importing from ID "/subscriptions/20a44753-c9d1-44b4-bb60-29e40c30601b/resourceGroups/dis-prod-rg-incentives/providers/Microsoft.Sql/servers/dis-prod-db-incentives-west"...[0m
[0m[1m[32mazurerm_sql_server.dis-prod-rg-incentives__dis-prod-db-incentives-west: Import complete![0m
[0m[32m  Imported azurerm_sql_server (ID: /subscriptions/20a44753-c9d1-44b4-bb60-29e40c30601b/resourceGroups/dis-prod-rg-incentives/providers/Microsoft.Sql/servers/dis-prod-db-incentives-west)[0m
[0m[1mazurerm_sql_server.dis-prod-rg-incentives__dis-prod-db-incentives-west: Refreshing state... (ID: /subscriptions/20a44753-c9d1-44b4-bb60-...ft.Sql/servers/dis-prod-db-incentives-west)[0m
[0m[32m
Import successful!

The resources that were imported are shown above. These resources are now in
your Terraform state and will henceforth be managed by Terraform.
[0m
# 
resource "azurerm_sql_database" "dis-prod-rg-incentives__dis-prod-ws-incentives" {
	 name = "dis-prod-ws-incentives"
	 location = "eastus"
	 resource_group_name = "dis-prod-rg-incentives"
	 server_name = "dis-prod-db-incentives"
	 collation= "SQL_Latin1_General_CP1_CI_AS"
	 edition= "Standard"
	 requested_service_objective_name= "S0"
}
1 items removed.
Item removal successful.
[0m[1mazurerm_sql_database.dis-prod-rg-incentives__dis-prod-ws-incentives: Importing from ID "/subscriptions/20a44753-c9d1-44b4-bb60-29e40c30601b/resourceGroups/dis-prod-rg-incentives/providers/Microsoft.Sql/servers/dis-prod-db-incentives/databases/dis-prod-ws-incentives"...[0m
[0m[1m[32mazurerm_sql_database.dis-prod-rg-incentives__dis-prod-ws-incentives: Import complete![0m
[0m[32m  Imported azurerm_sql_database (ID: /subscriptions/20a44753-c9d1-44b4-bb60-29e40c30601b/resourceGroups/dis-prod-rg-incentives/providers/Microsoft.Sql/servers/dis-prod-db-incentives/databases/dis-prod-ws-incentives)[0m
[0m[1mazurerm_sql_database.dis-prod-rg-incentives__dis-prod-ws-incentives: Refreshing state... (ID: /subscriptions/20a44753-c9d1-44b4-bb60-...ncentives/databases/dis-prod-ws-incentives)[0m
[0m[32m
Import successful!

The resources that were imported are shown above. These resources are now in
your Terraform state and will henceforth be managed by Terraform.
[0m
# 
resource "azurerm_sql_database" "dis-prod-rg-incentives__dis-prod-ws-incentives_db" {
	 name = "dis-prod-ws-incentives_db"
	 location = "eastus"
	 resource_group_name = "dis-prod-rg-incentives"
	 server_name = "dis-prod-db-incentives"
	 collation= "SQL_Latin1_General_CP1_CI_AS"
	 edition= "Standard"
	 requested_service_objective_name= "S2"
}
1 items removed.
Item removal successful.
[0m[1mazurerm_sql_database.dis-prod-rg-incentives__dis-prod-ws-incentives_db: Importing from ID "/subscriptions/20a44753-c9d1-44b4-bb60-29e40c30601b/resourceGroups/dis-prod-rg-incentives/providers/Microsoft.Sql/servers/dis-prod-db-incentives/databases/dis-prod-ws-incentives_db"...[0m
[0m[1m[32mazurerm_sql_database.dis-prod-rg-incentives__dis-prod-ws-incentives_db: Import complete![0m
[0m[32m  Imported azurerm_sql_database (ID: /subscriptions/20a44753-c9d1-44b4-bb60-29e40c30601b/resourceGroups/dis-prod-rg-incentives/providers/Microsoft.Sql/servers/dis-prod-db-incentives/databases/dis-prod-ws-incentives_db)[0m
[0m[1mazurerm_sql_database.dis-prod-rg-incentives__dis-prod-ws-incentives_db: Refreshing state... (ID: /subscriptions/20a44753-c9d1-44b4-bb60-...ntives/databases/dis-prod-ws-incentives_db)[0m
[0m[32m
Import successful!

The resources that were imported are shown above. These resources are now in
your Terraform state and will henceforth be managed by Terraform.
[0m
# 
resource "azurerm_sql_database" "dis-prod-rg-incentives__dis-prod-ws-incentives_db_Copy" {
	 name = "dis-prod-ws-incentives_db_Copy"
	 location = "eastus"
	 resource_group_name = "dis-prod-rg-incentives"
	 server_name = "dis-prod-db-incentives"
	 collation= "SQL_Latin1_General_CP1_CI_AS"
	 edition= "Standard"
	 requested_service_objective_name= "S0"
}
1 items removed.
Item removal successful.
[0m[1mazurerm_sql_database.dis-prod-rg-incentives__dis-prod-ws-incentives_db_Copy: Importing from ID "/subscriptions/20a44753-c9d1-44b4-bb60-29e40c30601b/resourceGroups/dis-prod-rg-incentives/providers/Microsoft.Sql/servers/dis-prod-db-incentives/databases/dis-prod-ws-incentives_db_Copy"...[0m
[0m[1m[32mazurerm_sql_database.dis-prod-rg-incentives__dis-prod-ws-incentives_db_Copy: Import complete![0m
[0m[32m  Imported azurerm_sql_database (ID: /subscriptions/20a44753-c9d1-44b4-bb60-29e40c30601b/resourceGroups/dis-prod-rg-incentives/providers/Microsoft.Sql/servers/dis-prod-db-incentives/databases/dis-prod-ws-incentives_db_Copy)[0m
[0m[1mazurerm_sql_database.dis-prod-rg-incentives__dis-prod-ws-incentives_db_Copy: Refreshing state... (ID: /subscriptions/20a44753-c9d1-44b4-bb60-...s/databases/dis-prod-ws-incentives_db_Copy)[0m
[0m[32m
Import successful!

The resources that were imported are shown above. These resources are now in
your Terraform state and will henceforth be managed by Terraform.
[0m
# 
resource "azurerm_sql_database" "dis-prod-rg-incentives__dis-prod-ws-incentives_db_percisiontest" {
	 name = "dis-prod-ws-incentives_db_percisiontest"
	 location = "eastus"
	 resource_group_name = "dis-prod-rg-incentives"
	 server_name = "dis-prod-db-incentives"
	 collation= "SQL_Latin1_General_CP1_CI_AS"
	 edition= "Standard"
	 requested_service_objective_name= "S0"
}
1 items removed.
Item removal successful.
[0m[1mazurerm_sql_database.dis-prod-rg-incentives__dis-prod-ws-incentives_db_percisiontest: Importing from ID "/subscriptions/20a44753-c9d1-44b4-bb60-29e40c30601b/resourceGroups/dis-prod-rg-incentives/providers/Microsoft.Sql/servers/dis-prod-db-incentives/databases/dis-prod-ws-incentives_db_percisiontest"...[0m
[0m[1m[32mazurerm_sql_database.dis-prod-rg-incentives__dis-prod-ws-incentives_db_percisiontest: Import complete![0m
[0m[32m  Imported azurerm_sql_database (ID: /subscriptions/20a44753-c9d1-44b4-bb60-29e40c30601b/resourceGroups/dis-prod-rg-incentives/providers/Microsoft.Sql/servers/dis-prod-db-incentives/databases/dis-prod-ws-incentives_db_percisiontest)[0m
[0m[1mazurerm_sql_database.dis-prod-rg-incentives__dis-prod-ws-incentives_db_percisiontest: Refreshing state... (ID: /subscriptions/20a44753-c9d1-44b4-bb60-...es/dis-prod-ws-incentives_db_percisiontest)[0m
[0m[32m
Import successful!

The resources that were imported are shown above. These resources are now in
your Terraform state and will henceforth be managed by Terraform.
[0m
# 
resource "azurerm_sql_database" "dis-prod-rg-incentives__tcfq-ws-incentives_finance_db" {
	 name = "tcfq-ws-incentives_finance_db"
	 location = "eastus"
	 resource_group_name = "dis-prod-rg-incentives"
	 server_name = "dis-prod-db-incentives"
	 collation= "SQL_Latin1_General_CP1_CI_AS"
	 edition= "Standard"
	 requested_service_objective_name= "S2"
}
1 items removed.
Item removal successful.
[0m[1mazurerm_sql_database.dis-prod-rg-incentives__tcfq-ws-incentives_finance_db: Importing from ID "/subscriptions/20a44753-c9d1-44b4-bb60-29e40c30601b/resourceGroups/dis-prod-rg-incentives/providers/Microsoft.Sql/servers/dis-prod-db-incentives/databases/tcfq-ws-incentives_finance_db"...[0m
[0m[1m[32mazurerm_sql_database.dis-prod-rg-incentives__tcfq-ws-incentives_finance_db: Import complete![0m
[0m[32m  Imported azurerm_sql_database (ID: /subscriptions/20a44753-c9d1-44b4-bb60-29e40c30601b/resourceGroups/dis-prod-rg-incentives/providers/Microsoft.Sql/servers/dis-prod-db-incentives/databases/tcfq-ws-incentives_finance_db)[0m
[0m[1mazurerm_sql_database.dis-prod-rg-incentives__tcfq-ws-incentives_finance_db: Refreshing state... (ID: /subscriptions/20a44753-c9d1-44b4-bb60-...atabases/tcfq-ws-incentives_finance_db)[0m
[0m[32m
Import successful!

The resources that were imported are shown above. These resources are now in
your Terraform state and will henceforth be managed by Terraform.
[0m
# 
resource "azurerm_sql_database" "dis-prod-rg-incentives__tcfq-ws-incentives_rowlevelsec_db" {
	 name = "tcfq-ws-incentives_rowlevelsec_db"
	 location = "eastus"
	 resource_group_name = "dis-prod-rg-incentives"
	 server_name = "dis-prod-db-incentives"
	 collation= "SQL_Latin1_General_CP1_CI_AS"
	 edition= "Standard"
	 requested_service_objective_name= "S0"
}
1 items removed.
Item removal successful.
[0m[1mazurerm_sql_database.dis-prod-rg-incentives__tcfq-ws-incentives_rowlevelsec_db: Importing from ID "/subscriptions/20a44753-c9d1-44b4-bb60-29e40c30601b/resourceGroups/dis-prod-rg-incentives/providers/Microsoft.Sql/servers/dis-prod-db-incentives/databases/tcfq-ws-incentives_rowlevelsec_db"...[0m
[0m[1m[32mazurerm_sql_database.dis-prod-rg-incentives__tcfq-ws-incentives_rowlevelsec_db: Import complete![0m
[0m[32m  Imported azurerm_sql_database (ID: /subscriptions/20a44753-c9d1-44b4-bb60-29e40c30601b/resourceGroups/dis-prod-rg-incentives/providers/Microsoft.Sql/servers/dis-prod-db-incentives/databases/tcfq-ws-incentives_rowlevelsec_db)[0m
[0m[1mazurerm_sql_database.dis-prod-rg-incentives__tcfq-ws-incentives_rowlevelsec_db: Refreshing state... (ID: /subscriptions/20a44753-c9d1-44b4-bb60-...ases/tcfq-ws-incentives_rowlevelsec_db)[0m
[0m[32m
Import successful!

The resources that were imported are shown above. These resources are now in
your Terraform state and will henceforth be managed by Terraform.
[0m
# 
resource "azurerm_sql_database" "dis-prod-rg-incentives__dis-prod-ws-incentives_db" {
	 name = "dis-prod-ws-incentives_db"
	 location = "westus"
	 resource_group_name = "dis-prod-rg-incentives"
	 server_name = "dis-prod-db-incentives-west"
	 collation= "SQL_Latin1_General_CP1_CI_AS"
	 edition= "Standard"
	 requested_service_objective_name= "S0"
}
1 items removed.
Item removal successful.
[0m[1mazurerm_sql_database.dis-prod-rg-incentives__dis-prod-ws-incentives_db: Importing from ID "/subscriptions/20a44753-c9d1-44b4-bb60-29e40c30601b/resourceGroups/dis-prod-rg-incentives/providers/Microsoft.Sql/servers/dis-prod-db-incentives-west/databases/dis-prod-ws-incentives_db"...[0m
[0m[1m[32mazurerm_sql_database.dis-prod-rg-incentives__dis-prod-ws-incentives_db: Import complete![0m
[0m[32m  Imported azurerm_sql_database (ID: /subscriptions/20a44753-c9d1-44b4-bb60-29e40c30601b/resourceGroups/dis-prod-rg-incentives/providers/Microsoft.Sql/servers/dis-prod-db-incentives-west/databases/dis-prod-ws-incentives_db)[0m
[0m[1mazurerm_sql_database.dis-prod-rg-incentives__dis-prod-ws-incentives_db: Refreshing state... (ID: /subscriptions/20a44753-c9d1-44b4-bb60-...s-west/databases/dis-prod-ws-incentives_db)[0m
[0m[32m
Import successful!

The resources that were imported are shown above. These resources are now in
your Terraform state and will henceforth be managed by Terraform.
[0m
app_service.dis-prod-rg-incentives
dis-prod-ws-incentives-west
# 
resource "azurerm_app_service" "dis-prod-rg-incentives__dis-prod-ws-incentives-west" {
	 name = "dis-prod-ws-incentives-west"
	 location = "West US"
	 resource_group_name = "dis-prod-rg-incentives"
	 app_service_plan_id = "/subscriptions/20a44753-c9d1-44b4-bb60-29e40c30601b/resourceGroups/21CFAppDevPRDv2/providers/Microsoft.Web/serverfarms/21CFAppDevPRDPlanV2West"
	 tags { 
	}
}
1 items removed.
Item removal successful.
[0m[1mazurerm_app_service.dis-prod-rg-incentives__dis-prod-ws-incentives-west: Importing from ID "/subscriptions/20a44753-c9d1-44b4-bb60-29e40c30601b/resourceGroups/dis-prod-rg-incentives/providers/Microsoft.Web/sites/dis-prod-ws-incentives-west"...[0m
[0m[1m[32mazurerm_app_service.dis-prod-rg-incentives__dis-prod-ws-incentives-west: Import complete![0m
[0m[32m  Imported azurerm_app_service (ID: /subscriptions/20a44753-c9d1-44b4-bb60-29e40c30601b/resourceGroups/dis-prod-rg-incentives/providers/Microsoft.Web/sites/dis-prod-ws-incentives-west)[0m
[0m[1mazurerm_app_service.dis-prod-rg-incentives__dis-prod-ws-incentives-west: Refreshing state... (ID: /subscriptions/20a44753-c9d1-44b4-bb60-...soft.Web/sites/dis-prod-ws-incentives-west)[0m
[0m[32m
Import successful!

The resources that were imported are shown above. These resources are now in
your Terraform state and will henceforth be managed by Terraform.
[0m
app_service.dis-prod-rg-incentives
dis-prod-ws-incentives
# 
resource "azurerm_app_service" "dis-prod-rg-incentives__dis-prod-ws-incentives" {
	 name = "dis-prod-ws-incentives"
	 location = "East US"
	 resource_group_name = "dis-prod-rg-incentives"
	 app_service_plan_id = "/subscriptions/20a44753-c9d1-44b4-bb60-29e40c30601b/resourceGroups/21CFAppDevPRDv2/providers/Microsoft.Web/serverfarms/21CFAppDevPRDPlanV2"
	 tags { 
	}
}
1 items removed.
Item removal successful.
[0m[1mazurerm_app_service.dis-prod-rg-incentives__dis-prod-ws-incentives: Importing from ID "/subscriptions/20a44753-c9d1-44b4-bb60-29e40c30601b/resourceGroups/dis-prod-rg-incentives/providers/Microsoft.Web/sites/dis-prod-ws-incentives"...[0m
[0m[1m[32mazurerm_app_service.dis-prod-rg-incentives__dis-prod-ws-incentives: Import complete![0m
[0m[32m  Imported azurerm_app_service (ID: /subscriptions/20a44753-c9d1-44b4-bb60-29e40c30601b/resourceGroups/dis-prod-rg-incentives/providers/Microsoft.Web/sites/dis-prod-ws-incentives)[0m
[0m[1mazurerm_app_service.dis-prod-rg-incentives__dis-prod-ws-incentives: Refreshing state... (ID: /subscriptions/20a44753-c9d1-44b4-bb60-...Microsoft.Web/sites/dis-prod-ws-incentives)[0m
[0m[32m
Import successful!

The resources that were imported are shown above. These resources are now in
your Terraform state and will henceforth be managed by Terraform.
[0m
