[H[2JGetting Resources .. found 125
Writing Resources ..
[2;24H0[2;24H1[2;24H2[2;24H3[2;24H4[2;24H5[2;24H6[2;24H7[2;24H8[2;24H9[2;24H10[2;24H11[2;24H12[2;24H13[2;24H14[2;24H15[2;24H16[2;24H17[2;24H18[2;24H19[2;24H20[2;24H21[2;24H22[2;24H23[2;24H24[2;24H25[2;24H26[2;24H27[2;24H28[2;24H29[2;24H30[2;24H31[2;24H32[2;24H33[2;24H34[2;24H35[2;24H36[2;24H37[2;24H38[2;24H39[2;24H40[2;24H41[2;24H42[2;24H43[2;24H44[2;24H45[2;24H46[2;24H47[2;24H48[2;24H49[2;24H50[2;24H51[2;24H52[2;24H53[2;24H54[2;24H55[2;24H56[2;24H57[2;24H58[2;24H59[2;24H60[2;24H61[2;24H62[2;24H63[2;24H64[2;24H65[2;24H66[2;24H67[2;24H68[2;24H69[2;24H70[2;24H71[2;24H72[2;24H73[2;24H74[2;24H75[2;24H76[2;24H77[2;24H78[2;24H79[2;24H80[2;24H81[2;24H82[2;24H83[2;24H84[2;24H85[2;24H86[2;24H87[2;24H88[2;24H89[2;24H90[2;24H91[2;24H92[2;24H93[2;24H94[2;24H95[2;24H96[2;24H97[2;24H98[2;24H99[2;24H100[2;24H101[2;24H102[2;24H103[2;24H104[2;24H105[2;24H106[2;24H107[2;24H108[2;24H109[2;24H110[2;24H111[2;24H112[2;24H113[2;24H114[2;24H115[2;24H116[2;24H117[2;24H118[2;24H119[2;24H120[2;24H121[2;24H122[2;24H123[2;24H124 
No provider for
Microsoft.BizTalkServices/BizTalk
Microsoft.ClassicCompute/domainNames
Microsoft.ClassicCompute/virtualMachines
Microsoft.ClassicNetwork/virtualNetworks
Microsoft.ClassicStorage/storageAccounts
Microsoft.Logic/workflows
Microsoft.Portal/dashboards
Microsoft.PowerBI/workspaceCollections
Microsoft.Scheduler/jobcollections
Microsoft.Web/certificates
Microsoft.Web/connections
microsoft.insights/alertrules
microsoft.insights/components
microsoft.recoveryservices/vaults

[0m[1mInitializing provider plugins...[0m
- Checking for available provider plugins on https://releases.hashicorp.com...
- Downloading plugin for provider "azurerm" (1.20.0)...

[0m[1m[32mTerraform has been successfully initialized![0m[32m[0m
[0m[32m
You may now begin working with Terraform. Try running "terraform plan" to see
any changes that are required for your infrastructure. All Terraform commands
should now work.

If you ever set or change modules or backend configuration for Terraform,
rerun this command to reinitialize your working directory. If you forget, other
commands will detect it and remind you to do so if necessary.[0m

resource "azurerm_resource_group" "dis-prod-rg-taxedm2" {
	 name = "dis-prod-rg-taxedm2"
	 location = "centralus"
}
1 items removed.
Item removal successful.
[0m[1mazurerm_resource_group.dis-prod-rg-taxedm2: Importing from ID "/subscriptions/6ae15d4d-ca7c-4d63-9040-230a715d21c6/resourceGroups/dis-prod-rg-taxedm2"...[0m
[0m[1m[32mazurerm_resource_group.dis-prod-rg-taxedm2: Import complete![0m
[0m[32m  Imported azurerm_resource_group (ID: /subscriptions/6ae15d4d-ca7c-4d63-9040-230a715d21c6/resourceGroups/dis-prod-rg-taxedm2)[0m
[0m[1mazurerm_resource_group.dis-prod-rg-taxedm2: Refreshing state... (ID: /subscriptions/6ae15d4d-ca7c-4d63-9040-...15d21c6/resourceGroups/dis-prod-rg-taxedm2)[0m
[0m[32m
Import successful!

The resources that were imported are shown above. These resources are now in
your Terraform state and will henceforth be managed by Terraform.
[0m
# File generated by az2tf see https://github.com/andyt530/az2tf
resource "azurerm_sql_database" "dis-prod-rg-taxedm2__BusinessDataCube" {
	 name = "BusinessDataCube"
	 location = "eastus"
	 resource_group_name = "dis-prod-rg-taxedm2"
	 server_name = "dis-prod-db-taxsql"
	 collation= "SQL_Latin1_General_CP1_CI_AS"
	 edition= "Premium"
	 requested_service_objective_name= "P2"
}
1 items removed.
Item removal successful.
[0m[1mazurerm_sql_database.dis-prod-rg-taxedm2__BusinessDataCube: Importing from ID "/subscriptions/6ae15d4d-ca7c-4d63-9040-230a715d21c6/resourceGroups/dis-prod-rg-taxedm2/providers/Microsoft.Sql/servers/dis-prod-db-taxsql/databases/BusinessDataCube"...[0m
[0m[1m[32mazurerm_sql_database.dis-prod-rg-taxedm2__BusinessDataCube: Import complete![0m
[0m[32m  Imported azurerm_sql_database (ID: /subscriptions/6ae15d4d-ca7c-4d63-9040-230a715d21c6/resourceGroups/dis-prod-rg-taxedm2/providers/Microsoft.Sql/servers/dis-prod-db-taxsql/databases/BusinessDataCube)[0m
[0m[1mazurerm_sql_database.dis-prod-rg-taxedm2__BusinessDataCube: Refreshing state... (ID: /subscriptions/6ae15d4d-ca7c-4d63-9040-...p-db-taxsql/databases/BusinessDataCube)[0m
[0m[32m
Import successful!

The resources that were imported are shown above. These resources are now in
your Terraform state and will henceforth be managed by Terraform.
[0m
# File generated by az2tf see https://github.com/andyt530/az2tf
resource "azurerm_sql_database" "dis-prod-rg-taxedm2__BusinessDataCube" {
	 name = "BusinessDataCube"
	 location = "westus"
	 resource_group_name = "dis-prod-rg-taxedm2"
	 server_name = "dis-prod-db-taxsql-grw"
	 collation= "SQL_Latin1_General_CP1_CI_AS"
	 edition= "Premium"
	 requested_service_objective_name= "P1"
}
1 items removed.
Item removal successful.
[0m[1mazurerm_sql_database.dis-prod-rg-taxedm2__BusinessDataCube: Importing from ID "/subscriptions/6ae15d4d-ca7c-4d63-9040-230a715d21c6/resourceGroups/dis-prod-rg-taxedm2/providers/Microsoft.Sql/servers/dis-prod-db-taxsql-grw/databases/BusinessDataCube"...[0m
[0m[1m[32mazurerm_sql_database.dis-prod-rg-taxedm2__BusinessDataCube: Import complete![0m
[0m[32m  Imported azurerm_sql_database (ID: /subscriptions/6ae15d4d-ca7c-4d63-9040-230a715d21c6/resourceGroups/dis-prod-rg-taxedm2/providers/Microsoft.Sql/servers/dis-prod-db-taxsql-grw/databases/BusinessDataCube)[0m
[0m[1mazurerm_sql_database.dis-prod-rg-taxedm2__BusinessDataCube: Refreshing state... (ID: /subscriptions/6ae15d4d-ca7c-4d63-9040-...-taxsql-grw/databases/BusinessDataCube)[0m
[0m[32m
Import successful!

The resources that were imported are shown above. These resources are now in
your Terraform state and will henceforth be managed by Terraform.
[0m
